\BOOKMARK [0][-]{chapter*.1}{Dedications}{}% 1
\BOOKMARK [0][-]{chapter*.2}{Acknowledgments}{}% 2
\BOOKMARK [0][-]{chapter*.5}{General Introduction}{}% 3
\BOOKMARK [0][-]{chapter.1}{Project context}{}% 4
\BOOKMARK [1][-]{section.1.1}{Company presentation}{chapter.1}% 5
\BOOKMARK [2][-]{subsection.1.1.1}{Company Description}{section.1.1}% 6
\BOOKMARK [2][-]{subsection.1.1.2}{Accomplishements}{section.1.1}% 7
\BOOKMARK [1][-]{section.1.2}{Application context}{chapter.1}% 8
\BOOKMARK [2][-]{subsection.1.2.1}{The noticed rise of mobile devices users and internet users }{section.1.2}% 9
\BOOKMARK [2][-]{subsection.1.2.2}{The migration to android }{section.1.2}% 10
\BOOKMARK [2][-]{subsection.1.2.3}{Advantages from using mobile apps for news websites }{section.1.2}% 11
\BOOKMARK [2][-]{subsection.1.2.4}{conclusion}{section.1.2}% 12
\BOOKMARK [0][-]{chapter.2}{Requirements Analysis And application design}{}% 13
\BOOKMARK [1][-]{section.2.1}{Existing Slutions}{chapter.2}% 14
\BOOKMARK [1][-]{section.2.2}{Requirements Analysis}{chapter.2}% 15
\BOOKMARK [2][-]{subsection.2.2.1}{Informal Requirements Analysis}{section.2.2}% 16
\BOOKMARK [2][-]{subsection.2.2.2}{Semi-formal Requirements Specification }{section.2.2}% 17
\BOOKMARK [2][-]{subsection.2.2.3}{Application design}{section.2.2}% 18
\BOOKMARK [0][-]{chapter.3}{Development}{}% 19
\BOOKMARK [1][-]{section.3.1}{Development environment}{chapter.3}% 20
\BOOKMARK [2][-]{subsection.3.1.1}{hardware environment :}{section.3.1}% 21
\BOOKMARK [2][-]{subsection.3.1.2}{Software environment: }{section.3.1}% 22
\BOOKMARK [1][-]{section.3.2}{Choice of development tools}{chapter.3}% 23
\BOOKMARK [0][-]{chapter.4}{Internship Achievements}{}% 24
