This is pdfTeX, Version 3.14159265-2.6-1.40.17 (MiKTeX 2.9) (preloaded format=pdflatex 2016.10.8)  5 APR 2017 18:22
entering extended mode
**./Main.tex
(Main.tex
LaTeX2e <2016/03/31> patch level 3
Babel <3.9r> and hyphenation patterns for 75 language(s) loaded.
("C:\Program Files (x86)\MiKTeX 2.9\tex\latex\base\report.cls"
Document Class: report 2014/09/29 v1.4h Standard LaTeX document class
("C:\Program Files (x86)\MiKTeX 2.9\tex\latex\base\size10.clo"
File: size10.clo 2014/09/29 v1.4h Standard LaTeX file (size option)
)
\c@part=\count79
\c@chapter=\count80
\c@section=\count81
\c@subsection=\count82
\c@subsubsection=\count83
\c@paragraph=\count84
\c@subparagraph=\count85
\c@figure=\count86
\c@table=\count87
\abovecaptionskip=\skip41
\belowcaptionskip=\skip42
\bibindent=\dimen102
)
("C:\Program Files (x86)\MiKTeX 2.9\tex\generic\babel\babel.sty"
Package: babel 2016/04/23 3.9r The Babel package

*************************************
* Local config file bblopts.cfg used
*
("C:\Program Files (x86)\MiKTeX 2.9\tex\latex\arabi\bblopts.cfg"
File: bblopts.cfg 2005/09/08 v0.1 add Arabic and Farsi to "declared" options of
 babel
)
("C:\Program Files (x86)\MiKTeX 2.9\tex\latex\babel-english\english.ldf"
Language: english 2012/08/20 v3.3p English support from the babel system

("C:\Program Files (x86)\MiKTeX 2.9\tex\generic\babel\babel.def"
File: babel.def 2016/04/23 3.9r Babel common definitions
\babel@savecnt=\count88
\U@D=\dimen103
)
\l@canadian = a dialect from \language\l@american 
\l@australian = a dialect from \language\l@british 
\l@newzealand = a dialect from \language\l@british 
))
("C:\Program Files (x86)\MiKTeX 2.9\tex\latex\booktabs\booktabs.sty"
Package: booktabs 2005/04/14 v1.61803 publication quality tables
\heavyrulewidth=\dimen104
\lightrulewidth=\dimen105
\cmidrulewidth=\dimen106
\belowrulesep=\dimen107
\belowbottomsep=\dimen108
\aboverulesep=\dimen109
\abovetopsep=\dimen110
\cmidrulesep=\dimen111
\cmidrulekern=\dimen112
\defaultaddspace=\dimen113
\@cmidla=\count89
\@cmidlb=\count90
\@aboverulesep=\dimen114
\@belowrulesep=\dimen115
\@thisruleclass=\count91
\@lastruleclass=\count92
\@thisrulewidth=\dimen116
)
(C:\Users\DELL\AppData\Roaming\MiKTeX\2.9\tex\latex\xcolor\xcolor.sty
Package: xcolor 2016/05/11 v2.12 LaTeX color extensions (UK)

("C:\Program Files (x86)\MiKTeX 2.9\tex\latex\00miktex\color.cfg"
File: color.cfg 2016/01/02 v1.6 sample color configuration
)
Package xcolor Info: Driver file: pdftex.def on input line 225.

("C:\Program Files (x86)\MiKTeX 2.9\tex\latex\graphics-def\pdftex.def"
File: pdftex.def 2016/07/10 v0.06j Graphics/color for pdfTeX

("C:\Program Files (x86)\MiKTeX 2.9\tex\generic\oberdiek\infwarerr.sty"
Package: infwarerr 2016/05/16 v1.4 Providing info/warning/error messages (HO)
)
("C:\Program Files (x86)\MiKTeX 2.9\tex\generic\oberdiek\ltxcmds.sty"
Package: ltxcmds 2016/05/16 v1.23 LaTeX kernel commands for general use (HO)
)
\Gread@gobject=\count93
)
(C:\Users\DELL\AppData\Roaming\MiKTeX\2.9\tex\latex\colortbl\colortbl.sty
Package: colortbl 2012/02/13 v1.0a Color table columns (DPC)

("C:\Program Files (x86)\MiKTeX 2.9\tex\latex\tools\array.sty"
Package: array 2014/10/28 v2.4c Tabular extension package (FMi)
\col@sep=\dimen117
\extrarowheight=\dimen118
\NC@list=\toks14
\extratabsurround=\skip43
\backup@length=\skip44
)
\everycr=\toks15
\minrowclearance=\skip45
)
\rownum=\count94
Package xcolor Info: Model `cmy' substituted by `cmy0' on input line 1348.
Package xcolor Info: Model `hsb' substituted by `rgb' on input line 1352.
Package xcolor Info: Model `RGB' extended on input line 1364.
Package xcolor Info: Model `HTML' substituted by `rgb' on input line 1366.
Package xcolor Info: Model `Hsb' substituted by `hsb' on input line 1367.
Package xcolor Info: Model `tHsb' substituted by `hsb' on input line 1368.
Package xcolor Info: Model `HSB' substituted by `hsb' on input line 1369.
Package xcolor Info: Model `Gray' substituted by `gray' on input line 1370.
Package xcolor Info: Model `wave' substituted by `hsb' on input line 1371.
)
("C:\Program Files (x86)\MiKTeX 2.9\tex\latex\base\inputenc.sty"
Package: inputenc 2015/03/17 v1.2c Input encoding file
\inpenc@prehook=\toks16
\inpenc@posthook=\toks17

("C:\Program Files (x86)\MiKTeX 2.9\tex\latex\base\latin1.def"
File: latin1.def 2015/03/17 v1.2c Input encoding file
))
("C:\Program Files (x86)\MiKTeX 2.9\tex\latex\hyperref\hyperref.sty"
Package: hyperref 2016/06/24 v6.83q Hypertext links for LaTeX

("C:\Program Files (x86)\MiKTeX 2.9\tex\generic\oberdiek\hobsub-hyperref.sty"
Package: hobsub-hyperref 2016/05/16 v1.14 Bundle oberdiek, subset hyperref (HO)


("C:\Program Files (x86)\MiKTeX 2.9\tex\generic\oberdiek\hobsub-generic.sty"
Package: hobsub-generic 2016/05/16 v1.14 Bundle oberdiek, subset generic (HO)
Package: hobsub 2016/05/16 v1.14 Construct package bundles (HO)
Package hobsub Info: Skipping package `infwarerr' (already loaded).
Package hobsub Info: Skipping package `ltxcmds' (already loaded).
Package: ifluatex 2016/05/16 v1.4 Provides the ifluatex switch (HO)
Package ifluatex Info: LuaTeX not detected.
Package: ifvtex 2016/05/16 v1.6 Detect VTeX and its facilities (HO)
Package ifvtex Info: VTeX not detected.
Package: intcalc 2016/05/16 v1.2 Expandable calculations with integers (HO)
Package: ifpdf 2016/05/14 v3.1 Provides the ifpdf switch
Package: etexcmds 2016/05/16 v1.6 Avoid name clashes with e-TeX commands (HO)
Package etexcmds Info: Could not find \expanded.
(etexcmds)             That can mean that you are not using pdfTeX 1.50 or
(etexcmds)             that some package has redefined \expanded.
(etexcmds)             In the latter case, load this package earlier.
Package: kvsetkeys 2016/05/16 v1.17 Key value parser (HO)
Package: kvdefinekeys 2016/05/16 v1.4 Define keys (HO)
Package: pdftexcmds 2016/05/21 v0.22 Utility functions of pdfTeX for LuaTeX (HO
)
Package pdftexcmds Info: LuaTeX not detected.
Package pdftexcmds Info: \pdf@primitive is available.
Package pdftexcmds Info: \pdf@ifprimitive is available.
Package pdftexcmds Info: \pdfdraftmode found.
Package: pdfescape 2016/05/16 v1.14 Implements pdfTeX's escape features (HO)
Package: bigintcalc 2016/05/16 v1.4 Expandable calculations on big integers (HO
)
Package: bitset 2016/05/16 v1.2 Handle bit-vector datatype (HO)
Package: uniquecounter 2016/05/16 v1.3 Provide unlimited unique counter (HO)
)
Package hobsub Info: Skipping package `hobsub' (already loaded).
Package: letltxmacro 2016/05/16 v1.5 Let assignment for LaTeX macros (HO)
Package: hopatch 2016/05/16 v1.3 Wrapper for package hooks (HO)
Package: xcolor-patch 2016/05/16 xcolor patch
Package: atveryend 2016/05/16 v1.9 Hooks at the very end of document (HO)
Package atveryend Info: \enddocument detected (standard20110627).
Package: atbegshi 2016/06/09 v1.18 At begin shipout hook (HO)
Package: refcount 2016/05/16 v3.5 Data extraction from label references (HO)
Package: hycolor 2016/05/16 v1.8 Color options for hyperref/bookmark (HO)
)
("C:\Program Files (x86)\MiKTeX 2.9\tex\latex\graphics\keyval.sty"
Package: keyval 2014/10/28 v1.15 key=value parser (DPC)
\KV@toks@=\toks18
)
("C:\Program Files (x86)\MiKTeX 2.9\tex\generic\ifxetex\ifxetex.sty"
Package: ifxetex 2010/09/12 v0.6 Provides ifxetex conditional
)
("C:\Program Files (x86)\MiKTeX 2.9\tex\latex\oberdiek\auxhook.sty"
Package: auxhook 2016/05/16 v1.4 Hooks for auxiliary files (HO)
)
("C:\Program Files (x86)\MiKTeX 2.9\tex\latex\oberdiek\kvoptions.sty"
Package: kvoptions 2016/05/16 v3.12 Key value format for package options (HO)
)
\@linkdim=\dimen119
\Hy@linkcounter=\count95
\Hy@pagecounter=\count96

("C:\Program Files (x86)\MiKTeX 2.9\tex\latex\hyperref\pd1enc.def"
File: pd1enc.def 2016/06/24 v6.83q Hyperref: PDFDocEncoding definition (HO)
)
\Hy@SavedSpaceFactor=\count97

("C:\Program Files (x86)\MiKTeX 2.9\tex\latex\00miktex\hyperref.cfg"
File: hyperref.cfg 2002/06/06 v1.2 hyperref configuration of TeXLive
)
Package hyperref Info: Hyper figures OFF on input line 4486.
Package hyperref Info: Link nesting OFF on input line 4491.
Package hyperref Info: Hyper index ON on input line 4494.
Package hyperref Info: Plain pages OFF on input line 4501.
Package hyperref Info: Backreferencing OFF on input line 4506.
Package hyperref Info: Implicit mode ON; LaTeX internals redefined.
Package hyperref Info: Bookmarks ON on input line 4735.
\c@Hy@tempcnt=\count98

("C:\Program Files (x86)\MiKTeX 2.9\tex\latex\url\url.sty"
\Urlmuskip=\muskip10
Package: url 2013/09/16  ver 3.4  Verb mode for urls, etc.
)
LaTeX Info: Redefining \url on input line 5088.
\XeTeXLinkMargin=\dimen120
\Fld@menulength=\count99
\Field@Width=\dimen121
\Fld@charsize=\dimen122
Package hyperref Info: Hyper figures OFF on input line 6342.
Package hyperref Info: Link nesting OFF on input line 6347.
Package hyperref Info: Hyper index ON on input line 6350.
Package hyperref Info: backreferencing OFF on input line 6357.
Package hyperref Info: Link coloring OFF on input line 6362.
Package hyperref Info: Link coloring with OCG OFF on input line 6367.
Package hyperref Info: PDF/A mode OFF on input line 6372.
LaTeX Info: Redefining \ref on input line 6412.
LaTeX Info: Redefining \pageref on input line 6416.
\Hy@abspage=\count100
\c@Item=\count101
\c@Hfootnote=\count102
)

Package hyperref Message: Driver (autodetected): hpdftex.

("C:\Program Files (x86)\MiKTeX 2.9\tex\latex\hyperref\hpdftex.def"
File: hpdftex.def 2016/06/24 v6.83q Hyperref driver for pdfTeX
\Fld@listcount=\count103
\c@bookmark@seq@number=\count104

("C:\Program Files (x86)\MiKTeX 2.9\tex\latex\oberdiek\rerunfilecheck.sty"
Package: rerunfilecheck 2016/05/16 v1.8 Rerun checks for auxiliary files (HO)
Package uniquecounter Info: New unique counter `rerunfilecheck' on input line 2
82.
)
\Hy@SectionHShift=\skip46
)
Package hyperref Info: Option `colorlinks' set `true' on input line 21.

("C:\Program Files (x86)\MiKTeX 2.9\tex\latex\base\fontenc.sty"
Package: fontenc 2016/06/19 v1.99m Standard LaTeX package

("C:\Program Files (x86)\MiKTeX 2.9\tex\latex\base\t1enc.def"
File: t1enc.def 2016/06/19 v1.99m Standard LaTeX file
LaTeX Font Info:    Redeclaring font encoding T1 on input line 48.
))
("C:\Program Files (x86)\MiKTeX 2.9\tex\latex\graphics\graphicx.sty"
Package: graphicx 2014/10/28 v1.0g Enhanced LaTeX Graphics (DPC,SPQR)

("C:\Program Files (x86)\MiKTeX 2.9\tex\latex\graphics\graphics.sty"
Package: graphics 2016/07/10 v1.0t Standard LaTeX Graphics (DPC,SPQR)

("C:\Program Files (x86)\MiKTeX 2.9\tex\latex\graphics\trig.sty"
Package: trig 2016/01/03 v1.10 sin cos tan (DPC)
)
("C:\Program Files (x86)\MiKTeX 2.9\tex\latex\00miktex\graphics.cfg"
File: graphics.cfg 2016/06/04 v1.11 sample graphics configuration
)
Package graphics Info: Driver file: pdftex.def on input line 99.
)
\Gin@req@height=\dimen123
\Gin@req@width=\dimen124
)
("C:\Program Files (x86)\MiKTeX 2.9\tex\latex\setspace\setspace.sty"
Package: setspace 2011/12/19 v6.7a set line spacing
)
("C:\Program Files (x86)\MiKTeX 2.9\tex\latex\tools\varioref.sty"
Package: varioref 2016/02/16 v1.5c package for extended references (FMi)
\c@vrcnt=\count105
)
("C:\Program Files (x86)\MiKTeX 2.9\tex\latex\fancyhdr\fancyhdr.sty"
Package: fancyhdr 2016/09/06 3.8 Extensive control of page headers and footers
\fancy@headwidth=\skip47
\f@ncyO@elh=\skip48
\f@ncyO@erh=\skip49
\f@ncyO@olh=\skip50
\f@ncyO@orh=\skip51
\f@ncyO@elf=\skip52
\f@ncyO@erf=\skip53
\f@ncyO@olf=\skip54
\f@ncyO@orf=\skip55
)
("C:\Program Files (x86)\MiKTeX 2.9\tex\latex\amsmath\amsmath.sty"
Package: amsmath 2016/06/28 v2.15d AMS math features
\@mathmargin=\skip56

For additional information on amsmath, use the `?' option.
("C:\Program Files (x86)\MiKTeX 2.9\tex\latex\amsmath\amstext.sty"
Package: amstext 2000/06/29 v2.01 AMS text

("C:\Program Files (x86)\MiKTeX 2.9\tex\latex\amsmath\amsgen.sty"
File: amsgen.sty 1999/11/30 v2.0 generic functions
\@emptytoks=\toks19
\ex@=\dimen125
))
("C:\Program Files (x86)\MiKTeX 2.9\tex\latex\amsmath\amsbsy.sty"
Package: amsbsy 1999/11/29 v1.2d Bold Symbols
\pmbraise@=\dimen126
)
("C:\Program Files (x86)\MiKTeX 2.9\tex\latex\amsmath\amsopn.sty"
Package: amsopn 2016/03/08 v2.02 operator names
)
\inf@bad=\count106
LaTeX Info: Redefining \frac on input line 199.
\uproot@=\count107
\leftroot@=\count108
LaTeX Info: Redefining \overline on input line 297.
\classnum@=\count109
\DOTSCASE@=\count110
LaTeX Info: Redefining \ldots on input line 394.
LaTeX Info: Redefining \dots on input line 397.
LaTeX Info: Redefining \cdots on input line 518.
\Mathstrutbox@=\box26
\strutbox@=\box27
\big@size=\dimen127
LaTeX Font Info:    Redeclaring font encoding OML on input line 634.
LaTeX Font Info:    Redeclaring font encoding OMS on input line 635.
\macc@depth=\count111
\c@MaxMatrixCols=\count112
\dotsspace@=\muskip11
\c@parentequation=\count113
\dspbrk@lvl=\count114
\tag@help=\toks20
\row@=\count115
\column@=\count116
\maxfields@=\count117
\andhelp@=\toks21
\eqnshift@=\dimen128
\alignsep@=\dimen129
\tagshift@=\dimen130
\tagwidth@=\dimen131
\totwidth@=\dimen132
\lineht@=\dimen133
\@envbody=\toks22
\multlinegap=\skip57
\multlinetaggap=\skip58
\mathdisplay@stack=\toks23
LaTeX Info: Redefining \[ on input line 2739.
LaTeX Info: Redefining \] on input line 2740.
)
("C:\Program Files (x86)\MiKTeX 2.9\tex\latex\float\float.sty"
Package: float 2001/11/08 v1.3d Float enhancements (AL)
\c@float@type=\count118
\float@exts=\toks24
\float@box=\box28
\@float@everytoks=\toks25
\@floatcapt=\box29
) (Main.aux
(Garde.aux) (Dedicaces.aux) (Remerciements.aux) (Introduction.aux)
(Chapitre1.aux

LaTeX Warning: Label `' multiply defined.


LaTeX Warning: Label `' multiply defined.


LaTeX Warning: Label `' multiply defined.


LaTeX Warning: Label `' multiply defined.


LaTeX Warning: Label `' multiply defined.

) (Chapitre2.aux

LaTeX Warning: Label `' multiply defined.


LaTeX Warning: Label `' multiply defined.

) (Chapitre3.aux) (chapitre4.aux

LaTeX Warning: Label `screenshot' multiply defined.


LaTeX Warning: Label `screenshot' multiply defined.


LaTeX Warning: Label `screenshot' multiply defined.


LaTeX Warning: Label `screenshot' multiply defined.


LaTeX Warning: Label `screenshot' multiply defined.

) (Conclusion.aux))
\openout1 = `Main.aux'.

LaTeX Font Info:    Checking defaults for OML/cmm/m/it on input line 51.
LaTeX Font Info:    ... okay on input line 51.
LaTeX Font Info:    Checking defaults for T1/cmr/m/n on input line 51.
LaTeX Font Info:    ... okay on input line 51.
LaTeX Font Info:    Checking defaults for OT1/cmr/m/n on input line 51.
LaTeX Font Info:    ... okay on input line 51.
LaTeX Font Info:    Checking defaults for OMS/cmsy/m/n on input line 51.
LaTeX Font Info:    ... okay on input line 51.
LaTeX Font Info:    Checking defaults for OMX/cmex/m/n on input line 51.
LaTeX Font Info:    ... okay on input line 51.
LaTeX Font Info:    Checking defaults for U/cmr/m/n on input line 51.
LaTeX Font Info:    ... okay on input line 51.
LaTeX Font Info:    Checking defaults for PD1/pdf/m/n on input line 51.
LaTeX Font Info:    ... okay on input line 51.

("C:\Program Files (x86)\MiKTeX 2.9\tex\context\base\supp-pdf.mkii"
[Loading MPS to PDF converter (version 2006.09.02).]
\scratchcounter=\count119
\scratchdimen=\dimen134
\scratchbox=\box30
\nofMPsegments=\count120
\nofMParguments=\count121
\everyMPshowfont=\toks26
\MPscratchCnt=\count122
\MPscratchDim=\dimen135
\MPnumerator=\count123
\makeMPintoPDFobject=\count124
\everyMPtoPDFconversion=\toks27
) ("C:\Program Files (x86)\MiKTeX 2.9\tex\latex\oberdiek\epstopdf-base.sty"
Package: epstopdf-base 2016/05/15 v2.6 Base part for package epstopdf

("C:\Program Files (x86)\MiKTeX 2.9\tex\latex\oberdiek\grfext.sty"
Package: grfext 2016/05/16 v1.2 Manage graphics extensions (HO)
)
Package epstopdf-base Info: Redefining graphics rule for `.eps' on input line 4
38.
Package grfext Info: Graphics extension search list:
(grfext)             [.png,.pdf,.jpg,.mps,.jpeg,.jbig2,.jb2,.PNG,.PDF,.JPG,.JPE
G,.JBIG2,.JB2,.eps]
(grfext)             \AppendGraphicsExtensions on input line 456.
)
\AtBeginShipoutBox=\box31
Package hyperref Info: Link coloring ON on input line 51.

("C:\Program Files (x86)\MiKTeX 2.9\tex\latex\hyperref\nameref.sty"
Package: nameref 2016/05/21 v2.44 Cross-referencing by name of section

("C:\Program Files (x86)\MiKTeX 2.9\tex\generic\oberdiek\gettitlestring.sty"
Package: gettitlestring 2016/05/16 v1.5 Cleanup title references (HO)
)
\c@section@level=\count125
LaTeX Info: Redefining \Ref on input line 515.
)
LaTeX Info: Redefining \ref on input line 51.
LaTeX Info: Redefining \pageref on input line 51.
LaTeX Info: Redefining \nameref on input line 51.

(Main.out) (Main.out)
\@outlinefile=\write3
\openout3 = `Main.out'.

LaTeX Info: Redefining \Ref on input line 51.
\openout2 = `Garde.aux'.

 (Garde.tex <ucar.png, id=151, 150.5625pt x 93.34875pt>
File: ucar.png Graphic file (type png)

<use ucar.png>
Package pdftex.def Info: ucar.png used on input line 12.
(pdftex.def)             Requested size: 85.35826pt x 52.92445pt.
 <ISTIC.png, id=152, 117.43875pt x 57.21375pt>
File: ISTIC.png Graphic file (type png)
 <use ISTIC.png>
Package pdftex.def Info: ISTIC.png used on input line 20.
(pdftex.def)             Requested size: 85.35826pt x 41.58496pt.

<easytek2.jpg, id=154, 2007.5pt x 2007.5pt>
File: easytek2.jpg Graphic file (type jpg)
 <use easytek2.jpg>
Package pdftex.def Info: easytek2.jpg used on input line 40.
(pdftex.def)             Requested size: 142.25475pt x 56.88351pt.
 [1


{C:/Users/DELL/AppData/Local/MiKTeX/2.9/pdftex/config/pdftex.map} <./ucar.png> 
<./ISTIC.png> <./easytek2.jpg>])
\openout2 = `Dedicaces.aux'.

 (Dedicaces.tex) [1



]
\openout2 = `Remerciements.aux'.

 (Remerciements.tex) [2



] (Main.toc
[3


])
\tf@toc=\write4
\openout4 = `Main.toc'.

 [4] (Main.lof)
\tf@lof=\write5
\openout5 = `Main.lof'.

 [5

] (Main.lot)
\tf@lot=\write6
\openout6 = `Main.lot'.

 [6

]
\openout2 = `Introduction.aux'.

 (Introduction.tex)pdfTeX warning (ext4): destination with the same identifier 
(name{page.1}) has been already used, duplicate ignored
<to be read again> 
                   \relax 
l.63 \include{Introduction}
                            [1


]
\openout2 = `Chapitre1.aux'.

 (Chapitre1.tex
Chapter 1.

Package hyperref Warning: Difference (2) between bookmark levels is greater 
(hyperref)                than one, level fixed on input line 3.

File: easytek2.jpg Graphic file (type jpg)
<use easytek2.jpg>
Package pdftex.def Info: easytek2.jpg used on input line 9.
(pdftex.def)             Requested size: 85.34059pt x 28.42644pt.

Overfull \hbox (1.94196pt too wide) in paragraph at lines 37--38
\T1/cmr/m/n/10 Our project tar-gets both busi-ness cus-tomers (B2B) and end-use
rs (B2C). Restau-
 []

[2



pdfTeX warning (ext4): destination with the same identifier (name{figure.1.1}) 
has been already used, duplicate ignored

\AtBegShi@Output ...ipout \box \AtBeginShipoutBox 
                                                  \fi \fi 
l.38 \begin{enumerate}
                      ] <restaurantneed.png, id=274, 980.66376pt x 803.0pt>
File: restaurantneed.png Graphic file (type png)

<use restaurantneed.png>
Package pdftex.def Info: restaurantneed.png used on input line 42.
(pdftex.def)             Requested size: 369.87285pt x 341.4359pt.

Overfull \hbox (24.87285pt too wide) in paragraph at lines 42--44
 [][] 
 []

[3pdfTeX warning (ext4): destination with the same identifier (name{figure.1.2}
) has been already used, duplicate ignored

\AtBegShi@Output ...ipout \box \AtBeginShipoutBox 
                                                  \fi \fi 
l.47 \newpage
              <./restaurantneed.png>]
LaTeX Font Info:    Try loading font information for OMS+cmr on input line 51.

("C:\Program Files (x86)\MiKTeX 2.9\tex\latex\base\omscmr.fd"
File: omscmr.fd 2014/09/29 v2.5h Standard LaTeX font definitions
)
LaTeX Font Info:    Font shape `OMS/cmr/m/n' in size <10> not available
(Font)              Font shape `OMS/cmsy/m/n' tried instead on input line 51.

Underfull \hbox (badness 10000) in paragraph at lines 79--85

 []

[4] <customerneed.png, id=286, 980.66376pt x 554.07pt>
File: customerneed.png Graphic file (type png)
 <use customerneed.png>
Package pdftex.def Info: customerneed.png used on input line 91.
(pdftex.def)             Requested size: 369.87285pt x 341.43161pt.

Overfull \hbox (24.87285pt too wide) in paragraph at lines 91--93
 [][] 
 []


Underfull \hbox (badness 10000) in paragraph at lines 101--106

 []

[5pdfTeX warning (ext4): destination with the same identifier (name{figure.1.3}
) has been already used, duplicate ignored

\AtBegShi@Output ...ipout \box \AtBeginShipoutBox 
                                                  \fi \fi 
l.116 \item \textbf
                    {Proposed solutions : } <./customerneed.png>] [6]
<rapidle.jpg, id=298, 602.25pt x 602.25pt>
File: rapidle.jpg Graphic file (type jpg)
 <use rapidle.jpg>
Package pdftex.def Info: rapidle.jpg used on input line 156.
(pdftex.def)             Requested size: 341.44815pt x 369.8991pt.
 [7pdfTeX warning (ext4): destination with the same identifier (name{figure.1.4
}) has been already used, duplicate ignored

\AtBegShi@Output ...ipout \box \AtBeginShipoutBox 
                                                  \fi \fi 
l.161 \newpage
               <./rapidle.jpg>] <monresto.png, id=303, 337.26pt x 506.89375pt>
File: monresto.png Graphic file (type png)

<use monresto.png>
Package pdftex.def Info: monresto.png used on input line 168.
(pdftex.def)             Requested size: 284.53154pt x 369.89787pt.
 [8pdfTeX warning (ext4): destination with the same identifier (name{figure.1.5
}) has been already used, duplicate ignored

\AtBegShi@Output ...ipout \box \AtBeginShipoutBox 
                                                  \fi \fi 
l.173 \newpage
               <./monresto.png (PNG copy)>]
<tick.png, id=308, 12.848pt x 12.848pt>
File: tick.png Graphic file (type png)
 <use tick.png>
Package pdftex.def Info: tick.png used on input line 184.
(pdftex.def)             Requested size: 12.84796pt x 12.84796pt.
File: tick.png Graphic file (type png)
 <use tick.png>
Package pdftex.def Info: tick.png used on input line 184.
(pdftex.def)             Requested size: 12.84796pt x 12.84796pt.
File: tick.png Graphic file (type png)

<use tick.png>
Package pdftex.def Info: tick.png used on input line 185.
(pdftex.def)             Requested size: 12.84796pt x 12.84796pt.
File: tick.png Graphic file (type png)
 <use tick.png>
Package pdftex.def Info: tick.png used on input line 185.
(pdftex.def)             Requested size: 12.84796pt x 12.84796pt.
File: tick.png Graphic file (type png)
 <use tick.png>
Package pdftex.def Info: tick.png used on input line 187.
(pdftex.def)             Requested size: 12.84796pt x 12.84796pt.
File: tick.png Graphic file (type png)
 <use tick.png>
Package pdftex.def Info: tick.png used on input line 187.
(pdftex.def)             Requested size: 12.84796pt x 12.84796pt.
File: tick.png Graphic file (type png)
 <use tick.png>
Package pdftex.def Info: tick.png used on input line 191.
(pdftex.def)             Requested size: 12.84796pt x 12.84796pt.
File: tick.png Graphic file (type png)

<use tick.png>
Package pdftex.def Info: tick.png used on input line 196.
(pdftex.def)             Requested size: 12.84796pt x 12.84796pt.

Overfull \hbox (70.12029pt too wide) in paragraph at lines 179--198
 [][] 
 []


Underfull \hbox (badness 10000) in paragraph at lines 206--220

 []


Underfull \hbox (badness 10000) in paragraph at lines 221--231

 []

[9pdfTeX warning (ext4): destination with the same identifier (name{table.1.1})
 has been already used, duplicate ignored

\AtBegShi@Output ...ipout \box \AtBeginShipoutBox 
                                                  \fi \fi 
l.231 \item \textbf
                   {The website admin} \\ <./tick.png>]
Underfull \hbox (badness 10000) in paragraph at lines 231--235

 []


Underfull \hbox (badness 10000) in paragraph at lines 235--239

 []


Underfull \hbox (badness 10000) in paragraph at lines 240--242

 []


Underfull \hbox (badness 10000) in paragraph at lines 243--247

 []

[10]
Underfull \hbox (badness 10000) in paragraph at lines 258--260

 []


Underfull \hbox (badness 10000) in paragraph at lines 261--263

 []


Underfull \hbox (badness 10000) in paragraph at lines 264--265

 []


Underfull \hbox (badness 10000) in paragraph at lines 266--267

 []

[11] <kanban.png, id=322, 1336.995pt x 649.42625pt>
File: kanban.png Graphic file (type png)
 <use kanban.png>
Package pdftex.def Info: kanban.png used on input line 274.
(pdftex.def)             Requested size: 341.42903pt x 312.97955pt.
 [12pdfTeX warning (ext4): destination with the same identifier (name{figure.1.
6}) has been already used, duplicate ignored

\AtBegShi@Output ...ipout \box \AtBeginShipoutBox 
                                                  \fi \fi 
l.293 \item R
             estaurant information management :  The restaurant admin should...
 <./kanban.png (PNG copy)>]) [13]
\openout2 = `Chapitre2.aux'.

 (Chapitre2.tex
Chapter 2.
[14



] <global.png, id=336, 1067.99pt x 1441.385pt>
File: global.png Graphic file (type png)
 <use global.png>
Package pdftex.def Info: global.png used on input line 18.
(pdftex.def)             Requested size: 284.53156pt x 369.86865pt.
 [15pdfTeX warning (ext4): destination with the same identifier (name{figure.2.
1}) has been already used, duplicate ignored

\AtBegShi@Output ...ipout \box \AtBeginShipoutBox 
                                                  \fi \fi 
l.23 \newpage
              <./global.png>]
<customer.png, id=342, 1446.40375pt x 1031.855pt>
File: customer.png Graphic file (type png)
 <use customer.png>
Package pdftex.def Info: customer.png used on input line 26.
(pdftex.def)             Requested size: 284.5305pt x 369.87729pt.

Overfull \hbox (185.68765pt too wide) in paragraph at lines 35--51
 [] 
 []

[16pdfTeX warning (ext4): destination with the same identifier (name{figure.2.2
}) has been already used, duplicate ignored

\AtBegShi@Output ...ipout \box \AtBeginShipoutBox 
                                                  \fi \fi 
l.61 \section
             {Mock ups} <./customer.png>]) [17pdfTeX warning (ext4): destinatio
n with the same identifier (name{table.2.1}) has been already used, duplicate i
gnored

\AtBegShi@Output ...ipout \box \AtBeginShipoutBox 
                                                  \fi \fi 
l.65 \include{Chapitre2}
                        ]
\openout2 = `Chapitre3.aux'.

 (Chapitre3.tex
Chapter 3.
) [18



] [19]
\openout2 = `chapitre4.aux'.

 (chapitre4.tex
Chapter 4.
<play.png, id=362, 553.31718pt x 240.14719pt>
File: play.png Graphic file (type png)
 <use play.png>
Package pdftex.def Info: play.png used on input line 10.
(pdftex.def)             Requested size: 369.88582pt x 160.53499pt.

Overfull \hbox (24.88582pt too wide) in paragraph at lines 10--11
[][]
 []


Underfull \hbox (badness 10000) in paragraph at lines 3--14

 []

<screenshot1.png, id=364, 307.90031pt x 548.0475pt>
File: screenshot1.png Graphic file (type png)
 <use screenshot1.png>
Package pdftex.def Info: screenshot1.png used on input line 21.
(pdftex.def)             Requested size: 227.62204pt x 405.16412pt.

[20



pdfTeX warning (ext4): destination with the same identifier (name{figure.4.1}) 
has been already used, duplicate ignored

\AtBegShi@Output ...ipout \box \AtBeginShipoutBox 
                                                  \fi \fi 
l.26 
      <./play.png>] <screenshot2.png, id=369, 359.09157pt x 639.13782pt>
File: screenshot2.png Graphic file (type png)

<use screenshot2.png>
Package pdftex.def Info: screenshot2.png used on input line 29.
(pdftex.def)             Requested size: 227.62204pt x 405.14583pt.
 [21pdfTeX warning (ext4): destination with the same identifier (name{figure.4.
2}) has been already used, duplicate ignored

\AtBegShi@Output ...ipout \box \AtBeginShipoutBox 
                                                  \fi \fi 
l.34 
      <./screenshot1.png>] <screenshot3.png, id=374, 327.47343pt x 421.575pt>
File: screenshot3.png Graphic file (type png)

<use screenshot3.png>
Package pdftex.def Info: screenshot3.png used on input line 37.
(pdftex.def)             Requested size: 227.62204pt x 293.02914pt.
 [22pdfTeX warning (ext4): destination with the same identifier (name{figure.4.
3}) has been already used, duplicate ignored

\AtBegShi@Output ...ipout \box \AtBeginShipoutBox 
                                                  \fi \fi 
l.42 
      <./screenshot2.png>]
<screenshot4.png, id=379, 255.95625pt x 454.69875pt>
File: screenshot4.png Graphic file (type png)
 <use screenshot4.png>
Package pdftex.def Info: screenshot4.png used on input line 45.
(pdftex.def)             Requested size: 227.62204pt x 404.36145pt.

[23pdfTeX warning (ext4): destination with the same identifier (name{figure.4.4
}) has been already used, duplicate ignored

\AtBegShi@Output ...ipout \box \AtBeginShipoutBox 
                                                  \fi \fi 
l.50 
      <./screenshot3.png>]
<screenshot5.png, id=384, 262.73157pt x 466.74374pt>
File: screenshot5.png Graphic file (type png)
 <use screenshot5.png>
Package pdftex.def Info: screenshot5.png used on input line 54.
(pdftex.def)             Requested size: 227.62204pt x 404.39012pt.

[24pdfTeX warning (ext4): destination with the same identifier (name{figure.4.5
}) has been already used, duplicate ignored

\AtBegShi@Output ...ipout \box \AtBeginShipoutBox 
                                                  \fi \fi 
l.59 
      <./screenshot4.png>] <screenshot6.png, id=390, 342.5297pt x 608.2725pt>
File: screenshot6.png Graphic file (type png)

<use screenshot6.png>
Package pdftex.def Info: screenshot6.png used on input line 62.
(pdftex.def)             Requested size: 227.62204pt x 404.22697pt.
 [25pdfTeX warning (ext4): destination with the same identifier (name{figure.4.
6}) has been already used, duplicate ignored

\AtBegShi@Output ...ipout \box \AtBeginShipoutBox 
                                                  \fi \fi 
l.67 
      <./screenshot5.png>]) [26pdfTeX warning (ext4): destination with the same
 identifier (name{figure.4.7}) has been already used, duplicate ignored

\AtBegShi@Output ...ipout \box \AtBeginShipoutBox 
                                                  \fi \fi 
l.67 \include{chapitre4}
                         <./screenshot6.png>]
\openout2 = `Conclusion.aux'.

 (Conclusion.tex)
Underfull \hbox (badness 10000) in paragraph at lines 3--68

 []

[27



] (Main.bbl)
Package atveryend Info: Empty hook `BeforeClearDocument' on input line 75.
 [28


]
Package atveryend Info: Empty hook `AfterLastShipout' on input line 75.
 (Main.aux (Garde.aux) (Dedicaces.aux) (Remerciements.aux)
(Introduction.aux) (Chapitre1.aux) (Chapitre2.aux) (Chapitre3.aux)
(chapitre4.aux) (Conclusion.aux))
Package atveryend Info: Executing hook `AtVeryEndDocument' on input line 75.
Package atveryend Info: Executing hook `AtEndAfterFileList' on input line 75.
Package rerunfilecheck Info: File `Main.out' has not changed.
(rerunfilecheck)             Checksum: 54A4ABFFCF0DEDD3104C786C652FA739;2418.


LaTeX Warning: There were multiply-defined labels.

Package atveryend Info: Empty hook `AtVeryVeryEnd' on input line 75.
 ) 
Here is how much of TeX's memory you used:
 7542 strings out of 493334
 105166 string characters out of 3136675
 213388 words of memory out of 3000000
 10780 multiletter control sequences out of 15000+200000
 13185 words of font info for 28 fonts, out of 3000000 for 9000
 1141 hyphenation exceptions out of 8191
 41i,13n,43p,409b,493s stack positions out of 5000i,500n,10000p,200000b,50000s
 <C:\Users\DELL\AppData\Local\MiKTeX\2.9\fonts\pk\ljfour\jknappen\ec\dpi600\e
cti0700.pk> <C:\Users\DELL\AppData\Local\MiKTeX\2.9\fonts\pk\ljfour\jknappen\ec
\dpi600\ecbx2074.pk> <C:\Users\DELL\AppData\Local\MiKTeX\2.9\fonts\pk\ljfour\jk
nappen\ec\dpi600\ecbx1200.pk> <C:\Users\DELL\AppData\Local\MiKTeX\2.9\fonts\pk\
ljfour\jknappen\ec\dpi600\ecti1000.pk> <C:\Users\DELL\AppData\Local\MiKTeX\2.9\
fonts\pk\ljfour\jknappen\ec\dpi600\ecbx1000.pk> <C:\Users\DELL\AppData\Local\Mi
KTeX\2.9\fonts\pk\ljfour\jknappen\ec\dpi600\ecbx2488.pk> <C:\Users\DELL\AppData
\Local\MiKTeX\2.9\fonts\pk\ljfour\jknappen\ec\dpi600\ecbx1440.pk> <C:\Users\DEL
L\AppData\Local\MiKTeX\2.9\fonts\pk\ljfour\jknappen\ec\dpi600\ecrm1000.pk><C:/P
rogram Files (x86)/MiKTeX 2.9/fonts/type1/public/amsfonts/cm/cmsy10.pfb>
Output written on Main.pdf (35 pages, 3014206 bytes).
PDF statistics:
 805 PDF objects out of 1000 (max. 8388607)
 106 named destinations out of 1000 (max. 500000)
 387 words of extra memory for PDF output out of 10000 (max. 10000000)

